[ActionDispatch::HostAuthorization::DefaultResponseApp] Blocked host: 14aeadece1cd49f7a8231f968d743049.vfs.cloud9.ap-northeast-1.amazonaws.com
[ActionDispatch::HostAuthorization::DefaultResponseApp] Blocked host: 14aeadece1cd49f7a8231f968d743049.vfs.cloud9.ap-northeast-1.amazonaws.com
[ActionDispatch::HostAuthorization::DefaultResponseApp] Blocked host: 14aeadece1cd49f7a8231f968d743049.vfs.cloud9.ap-northeast-1.amazonaws.com
Started GET "/" for 1.21.53.135 at 2023-01-13 10:46:26 +0000
Cannot render console from 1.21.53.135! Allowed networks: 127.0.0.0/127.255.255.255, ::1
  [1m[35m (2.1ms)[0m  [1m[34mSELECT sqlite_version(*)[0m
Processing by Rails::WelcomeController#index as HTML
  Rendering /home/ec2-user/.rvm/gems/ruby-3.1.2/gems/railties-6.1.7/lib/rails/templates/rails/welcome/index.html.erb
  Rendered /home/ec2-user/.rvm/gems/ruby-3.1.2/gems/railties-6.1.7/lib/rails/templates/rails/welcome/index.html.erb (Duration: 16.3ms | Allocations: 470)
Completed 200 OK in 46ms (Views: 24.4ms | ActiveRecord: 0.0ms | Allocations: 3635)


Started GET "/" for 1.21.53.135 at 2023-01-13 10:46:30 +0000
Cannot render console from 1.21.53.135! Allowed networks: 127.0.0.0/127.255.255.255, ::1
Processing by Rails::WelcomeController#index as HTML
  Rendering /home/ec2-user/.rvm/gems/ruby-3.1.2/gems/railties-6.1.7/lib/rails/templates/rails/welcome/index.html.erb
  Rendered /home/ec2-user/.rvm/gems/ruby-3.1.2/gems/railties-6.1.7/lib/rails/templates/rails/welcome/index.html.erb (Duration: 6.9ms | Allocations: 265)
Completed 200 OK in 12ms (Views: 10.8ms | ActiveRecord: 0.0ms | Allocations: 1102)


Started GET "/" for 1.21.53.135 at 2023-01-13 11:36:22 +0000
Cannot render console from 1.21.53.135! Allowed networks: 127.0.0.0/127.255.255.255, ::1
  [1m[35m (1.1ms)[0m  [1m[34mSELECT sqlite_version(*)[0m
Processing by Rails::WelcomeController#index as HTML
  Rendering /home/ec2-user/.rvm/gems/ruby-3.1.2/gems/railties-6.1.7/lib/rails/templates/rails/welcome/index.html.erb
  Rendered /home/ec2-user/.rvm/gems/ruby-3.1.2/gems/railties-6.1.7/lib/rails/templates/rails/welcome/index.html.erb (Duration: 11.4ms | Allocations: 470)
Completed 200 OK in 32ms (Views: 18.3ms | ActiveRecord: 0.0ms | Allocations: 3230)


Started GET "/" for 1.21.53.135 at 2023-01-13 11:36:24 +0000
Cannot render console from 1.21.53.135! Allowed networks: 127.0.0.0/127.255.255.255, ::1
Processing by Rails::WelcomeController#index as HTML
  Rendering /home/ec2-user/.rvm/gems/ruby-3.1.2/gems/railties-6.1.7/lib/rails/templates/rails/welcome/index.html.erb
  Rendered /home/ec2-user/.rvm/gems/ruby-3.1.2/gems/railties-6.1.7/lib/rails/templates/rails/welcome/index.html.erb (Duration: 7.0ms | Allocations: 268)
Completed 200 OK in 15ms (Views: 12.9ms | ActiveRecord: 0.0ms | Allocations: 1558)


Started GET "/top" for 1.21.53.135 at 2023-01-13 11:37:04 +0000
Cannot render console from 1.21.53.135! Allowed networks: 127.0.0.0/127.255.255.255, ::1
Processing by HomesController#top as HTML
  Rendering layout layouts/application.html.erb
  Rendering homes/top.html.erb within layouts/application
  Rendered homes/top.html.erb within layouts/application (Duration: 0.8ms | Allocations: 149)
[Webpacker] Compiling...
[Webpacker] Compiled all packs in /home/ec2-user/environment/first_app/public/packs
[Webpacker] warning ../../package.json: No license field

[Webpacker] Hash: 804a8059a304061a3e74
Version: webpack 4.46.0
Time: 2923ms
Built at: 01/13/2023 11:37:10 AM
                                     Asset       Size       Chunks                         Chunk Names
    js/application-271cf8931bb708d2d8bb.js    121 KiB  application  [emitted] [immutable]  application
js/application-271cf8931bb708d2d8bb.js.map    133 KiB  application  [emitted] [dev]        application
                             manifest.json  364 bytes               [emitted]              
Entrypoint application = js/application-271cf8931bb708d2d8bb.js js/application-271cf8931bb708d2d8bb.js.map
[./app/javascript/channels sync recursive _channel\.js$] ./app/javascript/channels sync _channel\.js$ 160 bytes {application} [built]
[./app/javascript/channels/index.js] 211 bytes {application} [built]
[./app/javascript/packs/application.js] 493 bytes {application} [built]
    + 3 hidden modules

  Rendered layout layouts/application.html.erb (Duration: 6425.4ms | Allocations: 14305)
Completed 200 OK in 6434ms (Views: 6432.8ms | ActiveRecord: 0.0ms | Allocations: 15716)


Started GET "/" for 1.21.53.135 at 2023-01-13 22:29:13 +0000
Cannot render console from 1.21.53.135! Allowed networks: 127.0.0.0/127.255.255.255, ::1
  [1m[35m (1.1ms)[0m  [1m[34mSELECT sqlite_version(*)[0m
  [1m[35m (9.5ms)[0m  [1m[35mCREATE TABLE "schema_migrations" ("version" varchar NOT NULL PRIMARY KEY)[0m
  [1m[35m (7.7ms)[0m  [1m[35mCREATE TABLE "ar_internal_metadata" ("key" varchar NOT NULL PRIMARY KEY, "value" varchar, "created_at" datetime(6) NOT NULL, "updated_at" datetime(6) NOT NULL)[0m
  [1m[35m (0.1ms)[0m  [1m[34mSELECT "schema_migrations"."version" FROM "schema_migrations" ORDER BY "schema_migrations"."version" ASC[0m
  
ActiveRecord::PendingMigrationError (

Migrations are pending. To resolve this issue, run:

        bin/rails db:migrate RAILS_ENV=development

You have 1 pending migration:

20230113221855_create_lists.rb


):
  
activerecord (6.1.7) lib/active_record/migration.rb:625:in `check_pending!'
activerecord (6.1.7) lib/active_record/migration.rb:590:in `block (2 levels) in call'
activesupport (6.1.7) lib/active_support/evented_file_update_checker.rb:59:in `execute'
activerecord (6.1.7) lib/active_record/migration.rb:595:in `block in call'
activerecord (6.1.7) lib/active_record/migration.rb:587:in `synchronize'
activerecord (6.1.7) lib/active_record/migration.rb:587:in `call'
actionpack (6.1.7) lib/action_dispatch/middleware/callbacks.rb:27:in `block in call'
activesupport (6.1.7) lib/active_support/callbacks.rb:98:in `run_callbacks'
actionpack (6.1.7) lib/action_dispatch/middleware/callbacks.rb:26:in `call'
actionpack (6.1.7) lib/action_dispatch/middleware/executor.rb:14:in `call'
actionpack (6.1.7) lib/action_dispatch/middleware/actionable_exceptions.rb:18:in `call'
actionpack (6.1.7) lib/action_dispatch/middleware/debug_exceptions.rb:29:in `call'
web-console (4.2.0) lib/web_console/middleware.rb:132:in `call_app'
web-console (4.2.0) lib/web_console/middleware.rb:19:in `block in call'
web-console (4.2.0) lib/web_console/middleware.rb:17:in `catch'
web-console (4.2.0) lib/web_console/middleware.rb:17:in `call'
actionpack (6.1.7) lib/action_dispatch/middleware/show_exceptions.rb:33:in `call'
railties (6.1.7) lib/rails/rack/logger.rb:37:in `call_app'
railties (6.1.7) lib/rails/rack/logger.rb:26:in `block in call'
activesupport (6.1.7) lib/active_support/tagged_logging.rb:99:in `block in tagged'
activesupport (6.1.7) lib/active_support/tagged_logging.rb:37:in `tagged'
activesupport (6.1.7) lib/active_support/tagged_logging.rb:99:in `tagged'
railties (6.1.7) lib/rails/rack/logger.rb:26:in `call'
sprockets-rails (3.4.2) lib/sprockets/rails/quiet_assets.rb:13:in `call'
actionpack (6.1.7) lib/action_dispatch/middleware/remote_ip.rb:81:in `call'
actionpack (6.1.7) lib/action_dispatch/middleware/request_id.rb:26:in `call'
rack (2.2.5) lib/rack/method_override.rb:24:in `call'
rack (2.2.5) lib/rack/runtime.rb:22:in `call'
activesupport (6.1.7) lib/active_support/cache/strategy/local_cache_middleware.rb:29:in `call'
actionpack (6.1.7) lib/action_dispatch/middleware/executor.rb:14:in `call'
actionpack (6.1.7) lib/action_dispatch/middleware/static.rb:24:in `call'
rack (2.2.5) lib/rack/sendfile.rb:110:in `call'
actionpack (6.1.7) lib/action_dispatch/middleware/host_authorization.rb:142:in `call'
rack-mini-profiler (2.3.4) lib/mini_profiler/profiler.rb:393:in `call'
webpacker (5.4.3) lib/webpacker/dev_server_proxy.rb:25:in `perform_request'
rack-proxy (0.7.4) lib/rack/proxy.rb:78:in `call'
railties (6.1.7) lib/rails/engine.rb:539:in `call'
puma (5.6.5) lib/puma/configuration.rb:252:in `call'
puma (5.6.5) lib/puma/request.rb:77:in `block in handle_request'
puma (5.6.5) lib/puma/thread_pool.rb:340:in `with_force_shutdown'
puma (5.6.5) lib/puma/request.rb:76:in `handle_request'
puma (5.6.5) lib/puma/server.rb:443:in `process_client'
puma (5.6.5) lib/puma/thread_pool.rb:147:in `block in spawn_thread'
Started GET "/" for 1.21.53.135 at 2023-01-13 22:29:16 +0000
Cannot render console from 1.21.53.135! Allowed networks: 127.0.0.0/127.255.255.255, ::1
  [1m[35m (0.1ms)[0m  [1m[34mSELECT "schema_migrations"."version" FROM "schema_migrations" ORDER BY "schema_migrations"."version" ASC[0m
  [1m[35mCACHE  (0.0ms)[0m  [1m[34mSELECT "schema_migrations"."version" FROM "schema_migrations" ORDER BY "schema_migrations"."version" ASC[0m
  
ActiveRecord::PendingMigrationError (

Migrations are pending. To resolve this issue, run:

        bin/rails db:migrate RAILS_ENV=development

You have 1 pending migration:

20230113221855_create_lists.rb


):
  
activerecord (6.1.7) lib/active_record/migration.rb:625:in `check_pending!'
activerecord (6.1.7) lib/active_record/migration.rb:590:in `block (2 levels) in call'
activesupport (6.1.7) lib/active_support/evented_file_update_checker.rb:59:in `execute'
activerecord (6.1.7) lib/active_record/migration.rb:595:in `block in call'
activerecord (6.1.7) lib/active_record/migration.rb:587:in `synchronize'
activerecord (6.1.7) lib/active_record/migration.rb:587:in `call'
actionpack (6.1.7) lib/action_dispatch/middleware/callbacks.rb:27:in `block in call'
activesupport (6.1.7) lib/active_support/callbacks.rb:98:in `run_callbacks'
actionpack (6.1.7) lib/action_dispatch/middleware/callbacks.rb:26:in `call'
actionpack (6.1.7) lib/action_dispatch/middleware/executor.rb:14:in `call'
actionpack (6.1.7) lib/action_dispatch/middleware/actionable_exceptions.rb:18:in `call'
actionpack (6.1.7) lib/action_dispatch/middleware/debug_exceptions.rb:29:in `call'
web-console (4.2.0) lib/web_console/middleware.rb:132:in `call_app'
web-console (4.2.0) lib/web_console/middleware.rb:19:in `block in call'
web-console (4.2.0) lib/web_console/middleware.rb:17:in `catch'
web-console (4.2.0) lib/web_console/middleware.rb:17:in `call'
actionpack (6.1.7) lib/action_dispatch/middleware/show_exceptions.rb:33:in `call'
railties (6.1.7) lib/rails/rack/logger.rb:37:in `call_app'
railties (6.1.7) lib/rails/rack/logger.rb:26:in `block in call'
activesupport (6.1.7) lib/active_support/tagged_logging.rb:99:in `block in tagged'
activesupport (6.1.7) lib/active_support/tagged_logging.rb:37:in `tagged'
activesupport (6.1.7) lib/active_support/tagged_logging.rb:99:in `tagged'
railties (6.1.7) lib/rails/rack/logger.rb:26:in `call'
sprockets-rails (3.4.2) lib/sprockets/rails/quiet_assets.rb:13:in `call'
actionpack (6.1.7) lib/action_dispatch/middleware/remote_ip.rb:81:in `call'
actionpack (6.1.7) lib/action_dispatch/middleware/request_id.rb:26:in `call'
rack (2.2.5) lib/rack/method_override.rb:24:in `call'
rack (2.2.5) lib/rack/runtime.rb:22:in `call'
activesupport (6.1.7) lib/active_support/cache/strategy/local_cache_middleware.rb:29:in `call'
actionpack (6.1.7) lib/action_dispatch/middleware/executor.rb:14:in `call'
actionpack (6.1.7) lib/action_dispatch/middleware/static.rb:24:in `call'
rack (2.2.5) lib/rack/sendfile.rb:110:in `call'
actionpack (6.1.7) lib/action_dispatch/middleware/host_authorization.rb:142:in `call'
rack-mini-profiler (2.3.4) lib/mini_profiler/profiler.rb:393:in `call'
webpacker (5.4.3) lib/webpacker/dev_server_proxy.rb:25:in `perform_request'
rack-proxy (0.7.4) lib/rack/proxy.rb:78:in `call'
railties (6.1.7) lib/rails/engine.rb:539:in `call'
puma (5.6.5) lib/puma/configuration.rb:252:in `call'
puma (5.6.5) lib/puma/request.rb:77:in `block in handle_request'
puma (5.6.5) lib/puma/thread_pool.rb:340:in `with_force_shutdown'
puma (5.6.5) lib/puma/request.rb:76:in `handle_request'
puma (5.6.5) lib/puma/server.rb:443:in `process_client'
puma (5.6.5) lib/puma/thread_pool.rb:147:in `block in spawn_thread'
  [1m[35m (0.6ms)[0m  [1m[34mSELECT sqlite_version(*)[0m
  [1m[35m (0.1ms)[0m  [1m[34mSELECT "schema_migrations"."version" FROM "schema_migrations" ORDER BY "schema_migrations"."version" ASC[0m
Migrating to CreateLists (20230113221855)
  [1m[36mTRANSACTION (0.1ms)[0m  [1m[36mbegin transaction[0m
  [1m[35m (3.1ms)[0m  [1m[35mCREATE TABLE "lists" ("id" integer PRIMARY KEY AUTOINCREMENT NOT NULL, "title" varchar, "body" varchar, "created_at" datetime(6) NOT NULL, "updated_at" datetime(6) NOT NULL)[0m
  [1m[36mActiveRecord::SchemaMigration Create (3.0ms)[0m  [1m[32mINSERT INTO "schema_migrations" ("version") VALUES (?)[0m  [["version", "20230113221855"]]
  [1m[36mTRANSACTION (5.7ms)[0m  [1m[36mcommit transaction[0m
  [1m[36mActiveRecord::InternalMetadata Load (0.2ms)[0m  [1m[34mSELECT "ar_internal_metadata".* FROM "ar_internal_metadata" WHERE "ar_internal_metadata"."key" = ? LIMIT ?[0m  [["key", "environment"], ["LIMIT", 1]]
  [1m[36mTRANSACTION (0.1ms)[0m  [1m[36mbegin transaction[0m
  [1m[36mActiveRecord::InternalMetadata Create (3.5ms)[0m  [1m[32mINSERT INTO "ar_internal_metadata" ("key", "value", "created_at", "updated_at") VALUES (?, ?, ?, ?)[0m  [["key", "environment"], ["value", "development"], ["created_at", "2023-01-13 22:30:41.708192"], ["updated_at", "2023-01-13 22:30:41.708192"]]
  [1m[36mTRANSACTION (6.4ms)[0m  [1m[36mcommit transaction[0m
  [1m[35m (0.1ms)[0m  [1m[34mSELECT sqlite_version(*)[0m
  [1m[35m (0.1ms)[0m  [1m[34mSELECT "schema_migrations"."version" FROM "schema_migrations" ORDER BY "schema_migrations"."version" ASC[0m
  [1m[35m (0.6ms)[0m  [1m[34mSELECT sqlite_version(*)[0m
  [1m[35m (0.1ms)[0m  [1m[34mSELECT "schema_migrations"."version" FROM "schema_migrations" ORDER BY "schema_migrations"."version" ASC[0m
Migrating to AddNameToLists (20230113223226)
  [1m[36mTRANSACTION (0.6ms)[0m  [1m[36mbegin transaction[0m
  [1m[35m (2.9ms)[0m  [1m[35mALTER TABLE "lists" ADD "name" varchar[0m
  [1m[36mActiveRecord::SchemaMigration Create (2.4ms)[0m  [1m[32mINSERT INTO "schema_migrations" ("version") VALUES (?)[0m  [["version", "20230113223226"]]
  [1m[36mTRANSACTION (7.6ms)[0m  [1m[36mcommit transaction[0m
  [1m[36mActiveRecord::InternalMetadata Load (0.1ms)[0m  [1m[34mSELECT "ar_internal_metadata".* FROM "ar_internal_metadata" WHERE "ar_internal_metadata"."key" = ? LIMIT ?[0m  [["key", "environment"], ["LIMIT", 1]]
  [1m[35m (0.1ms)[0m  [1m[34mSELECT sqlite_version(*)[0m
  [1m[35m (0.1ms)[0m  [1m[34mSELECT "schema_migrations"."version" FROM "schema_migrations" ORDER BY "schema_migrations"."version" ASC[0m
  [1m[35m (0.5ms)[0m  [1m[34mSELECT sqlite_version(*)[0m
  [1m[35m (0.1ms)[0m  [1m[34mSELECT "schema_migrations"."version" FROM "schema_migrations" ORDER BY "schema_migrations"."version" ASC[0m
Migrating to RemoveNameFromLists (20230113223339)
  [1m[36mTRANSACTION (0.1ms)[0m  [1m[36mbegin transaction[0m
  [1m[35m (0.0ms)[0m  [1m[35mPRAGMA foreign_keys[0m
  [1m[35m (0.1ms)[0m  [1m[35mPRAGMA defer_foreign_keys[0m
  [1m[35m (0.1ms)[0m  [1m[35mPRAGMA defer_foreign_keys = ON[0m
  [1m[35m (0.1ms)[0m  [1m[35mPRAGMA foreign_keys = OFF[0m
  [1m[35m (0.2ms)[0m  [1m[35mCREATE TEMPORARY TABLE "alists" ("id" integer NOT NULL PRIMARY KEY, "title" varchar DEFAULT NULL, "body" varchar DEFAULT NULL, "created_at" datetime(6) NOT NULL, "updated_at" datetime(6) NOT NULL, "name" varchar DEFAULT NULL)[0m
  [1m[35m (0.1ms)[0m  [1m[32mINSERT INTO "alists" ("id","title","body","created_at","updated_at","name")
                     SELECT "id","title","body","created_at","updated_at","name" FROM "lists"[0m
  [1m[35m (4.0ms)[0m  [1m[35mDROP TABLE "lists"[0m
  [1m[35m (0.7ms)[0m  [1m[35mCREATE TABLE "lists" ("id" integer NOT NULL PRIMARY KEY, "title" varchar DEFAULT NULL, "body" varchar DEFAULT NULL, "created_at" datetime(6) NOT NULL, "updated_at" datetime(6) NOT NULL)[0m
  [1m[35m (0.1ms)[0m  [1m[32mINSERT INTO "lists" ("id","title","body","created_at","updated_at")
                     SELECT "id","title","body","created_at","updated_at" FROM "alists"[0m
  [1m[35m (0.5ms)[0m  [1m[35mDROP TABLE "alists"[0m
  [1m[35m (0.1ms)[0m  [1m[35mPRAGMA defer_foreign_keys = 0[0m
  [1m[35m (0.0ms)[0m  [1m[35mPRAGMA foreign_keys = 1[0m
  [1m[36mActiveRecord::SchemaMigration Create (6.2ms)[0m  [1m[32mINSERT INTO "schema_migrations" ("version") VALUES (?)[0m  [["version", "20230113223339"]]
  [1m[36mTRANSACTION (5.0ms)[0m  [1m[36mcommit transaction[0m
  [1m[36mActiveRecord::InternalMetadata Load (0.3ms)[0m  [1m[34mSELECT "ar_internal_metadata".* FROM "ar_internal_metadata" WHERE "ar_internal_metadata"."key" = ? LIMIT ?[0m  [["key", "environment"], ["LIMIT", 1]]
  [1m[35m (0.1ms)[0m  [1m[34mSELECT sqlite_version(*)[0m
  [1m[35m (0.1ms)[0m  [1m[34mSELECT "schema_migrations"."version" FROM "schema_migrations" ORDER BY "schema_migrations"."version" ASC[0m
